02:47:46.173 [JavaFX Application Thread] DEBUG GameApplication      - Logger initialized
02:47:46.191 [JavaFX Application Thread] DEBUG GameApplication      - Logging settings
Title: Chip's RPG
Version: 0.0
Width: 1280
Height: 720
Fullscreen: false
Intro: false
Menus: false
Profiling: false
Single step:false
App Mode: DEVELOPER
Menu Key: ESCAPE
Stage Style: DECORATED
Scene Factory: class com.almasb.fxgl.scene.SceneFactory
Dialog Factory: class com.almasb.fxgl.ui.FXGLDialogFactory
UI Factory: class com.almasb.fxgl.ui.FXGLUIFactory
Notification Service: class com.almasb.fxgl.gameplay.notification.XboxNotificationView
Exception Handler: class com.almasb.fxgl.app.FXGLExceptionHandler
02:47:46.191 [JavaFX Application Thread] DEBUG GameApplication      - Starting FXGL
02:47:46.202 [JavaFX Application Thread] INFO  FXGL                 - FXGL-0.5.4 on DESKTOP
02:47:46.202 [JavaFX Application Thread] INFO  FXGL                 - Source code and latest versions at: https://github.com/AlmasB/FXGL
02:47:46.202 [JavaFX Application Thread] INFO  FXGL                 -              Join the FXGL chat at: https://gitter.im/AlmasB/FXGL
02:47:46.203 [JavaFX Application Thread] DEBUG FXGL                 - FXGL started
02:47:46.203 [JavaFX Application Thread] DEBUG FXGL                 - Initializing FXGL
02:47:46.249 [JavaFX Application Thread] DEBUG AssetLoader          - Loading from disk: /assets/ui/cursors/fxgl_default.png
02:47:46.340 [JavaFX Application Thread] DEBUG AssetLoader          - Loading from disk: /assets/ui/fonts/VarelaRound-Regular.ttf
02:47:46.472 [JavaFX Application Thread] DEBUG MainWindow           - Creating a JavaFX scene
02:47:46.506 [JavaFX Application Thread] DEBUG MainWindow           - Target settings size: 1280.0 x 720.0
02:47:46.506 [JavaFX Application Thread] DEBUG MainWindow           - Scaled scene size:    1280.0 x 720.0
02:47:46.506 [JavaFX Application Thread] DEBUG MainWindow           - Scaled ratio: (1.0, 1.0)
02:47:46.513 [JavaFX Application Thread] DEBUG AssetLoader          - Loading from disk: /assets/ui/css/fxgl_dark.css
02:47:46.516 [JavaFX Application Thread] DEBUG AssetLoader          - Loading from disk: /assets/textures/fxgl_icon.png
02:47:46.530 [JavaFX Application Thread] DEBUG MainWindow           - Opening main window
02:47:46.661 [JavaFX Application Thread] DEBUG MainWindow           - Window border size: (16.0, 39.0)
02:47:46.662 [JavaFX Application Thread] DEBUG MainWindow           - Scaled size: 1280.0 x 720.0
02:47:46.662 [JavaFX Application Thread] DEBUG MainWindow           - Scaled ratio: (1.0, 1.0)
02:47:46.662 [JavaFX Application Thread] DEBUG MainWindow           - Scene size: 1280.0 x 720.0
02:47:46.662 [JavaFX Application Thread] DEBUG MainWindow           - Stage size: 1296.0 x 759.0
02:47:46.788 [ForkJoinPool.commonPool-worker-1] DEBUG FS                   - Loaded DesktopFSService
02:47:46.788 [ForkJoinPool.commonPool-worker-1] DEBUG FXGL                 - Loading FXGL system data
02:47:46.886 [ForkJoinPool.commonPool-worker-1] DEBUG DesktopFSService     - Reading from: system\fxgl.bundle
02:47:46.897 [ForkJoinPool.commonPool-worker-1] DEBUG Bundle               - Logging bundle: FXGL
02:47:46.897 [ForkJoinPool.commonPool-worker-1] DEBUG Bundle               - FXGL.offline.timer.version.check=2019-01-05T00:29:17.871459100
02:47:46.898 [ForkJoinPool.commonPool-worker-1] DEBUG FXGL                 - Initializing state machine and application states
02:47:46.900 [ForkJoinPool.commonPool-worker-1] DEBUG AssetLoader          - Loading from disk: /assets/ui/cursors/fxgl_default.png
02:47:46.909 [ForkJoinPool.commonPool-worker-1] DEBUG AssetLoader          - Loading from disk: /assets/ui/cursors/fxgl_default.png
02:47:46.917 [ForkJoinPool.commonPool-worker-1] DEBUG AssetLoader          - Loading from cache: /assets/ui/fonts/VarelaRound-Regular.ttf
02:47:46.921 [ForkJoinPool.commonPool-worker-1] DEBUG AssetLoader          - Loading from disk: /assets/ui/cursors/fxgl_default.png
02:47:46.947 [ForkJoinPool.commonPool-worker-1] DEBUG GameScene            - Game scene initialized: 1280x720
02:47:46.953 [ForkJoinPool.commonPool-worker-1] DEBUG GameWorld            - Game world initialized
02:47:47.001 [ForkJoinPool.commonPool-worker-1] DEBUG PhysicsWorld         - Physics world initialized: appHeight=720, physics.ppm=50,0
02:47:47.024 [ForkJoinPool.commonPool-worker-1] DEBUG Input                - Registered new binding: Pause - Esc
02:47:47.070 [JavaFX Application Thread] DEBUG FXGL                 - Running preInit()
02:47:47.072 [JavaFX Application Thread] DEBUG Input                - Registered new binding: Screenshot - P
02:47:47.072 [JavaFX Application Thread] DEBUG Input                - Registered new binding: Dev Options - CTRL+0
02:47:47.072 [JavaFX Application Thread] DEBUG Input                - Registered new binding: System info dump - CTRL+9
02:47:47.073 [JavaFX Application Thread] DEBUG Input                - Registered new binding: Restart - CTRL+R
02:47:47.073 [JavaFX Application Thread] INFO  FXGL                 - FXGL initialization took: 0,871 sec
02:47:47.073 [JavaFX Application Thread] DEBUG LoopRunner           - Starting loop
02:47:47.075 [JavaFX Application Thread] DEBUG StartupState         - STARTUP
02:47:47.075 [JavaFX Application Thread] DEBUG GameApplication      - Starting new game
02:47:47.075 [JavaFX Application Thread] DEBUG Input                - Clearing active input actions
02:47:47.076 [JavaFX Application Thread] DEBUG AssetLoader          - Loading from disk: /assets/ui/css/fxgl_dark.css
02:47:47.083 [JavaFX Application Thread] DEBUG AppStateMachine      - StartupState -> LoadingState
02:47:47.153 [FXGL Background Thread 1 ] DEBUG InitAppTask          - Clearing previous game
02:47:47.153 [FXGL Background Thread 1 ] DEBUG GameWorld            - Clearing game world
02:47:47.154 [FXGL Background Thread 1 ] DEBUG PhysicsWorld         - Clearing physics world
02:47:47.154 [FXGL Background Thread 1 ] DEBUG GameScene            - Clearing game scene
02:47:47.155 [FXGL Background Thread 1 ] DEBUG InitAppTask          - Initializing Game
02:47:47.181 [JavaFX Application Thread] FATAL FXGL                 - Uncaught Exception:

Fatal exception occurred: java.lang.IllegalArgumentException : Unknown Tiled map format
E: com.almasb.fxgl.entity.GameWorld.setLevelFromMap(GameWorld.kt:260)
E: sample.Main.initGame(Main.java:36)
E: com.almasb.fxgl.app.GameApplication.internalInitGame(GameApplication.java:238)
E: com.almasb.fxgl.app.LoadingState$InitAppTask.initGame(AppStates.kt:168)
E: com.almasb.fxgl.app.LoadingState$InitAppTask.call(AppStates.kt:138)
E: com.almasb.fxgl.app.LoadingState$InitAppTask.call(AppStates.kt:127)
E: javafx.graphics/javafx.concurrent.Task$TaskCallable.call(Task.java:1425)
E: java.base/java.util.concurrent.FutureTask.run(FutureTask.java:264)
E: java.base/java.util.concurrent.Executors$RunnableAdapter.call(Executors.java:514)
E: java.base/java.util.concurrent.FutureTask.run(FutureTask.java:264)
E: java.base/java.util.concurrent.ThreadPoolExecutor.runWorker(ThreadPoolExecutor.java:1135)
E: java.base/java.util.concurrent.ThreadPoolExecutor$Worker.run(ThreadPoolExecutor.java:635)
E: java.base/java.lang.Thread.run(Thread.java:844)

02:47:47.182 [JavaFX Application Thread] FATAL FXGL                 - Application will now exit
02:47:47.182 [JavaFX Application Thread] DEBUG LoopRunner           - Stopping loop
02:47:58.373 [JavaFX Application Thread] DEBUG FXGL                 - Exiting FXGL
02:47:58.373 [JavaFX Application Thread] DEBUG FXGL                 - Shutting down background threads
02:47:58.374 [JavaFX Application Thread] DEBUG FXGL                 - Saving FXGL system data
02:47:58.377 [JavaFX Application Thread] DEBUG DesktopFSService     - Writing to: system\fxgl.bundle
02:47:58.382 [JavaFX Application Thread] DEBUG FXGL                 - Closing logger and exiting JavaFX
