03:37:44.437 [JavaFX Application Thread] DEBUG GameApplication      - Logger initialized
03:37:44.451 [JavaFX Application Thread] DEBUG GameApplication      - Logging settings
Title: Chip's RPG
Version: 0.0
Width: 1280
Height: 720
Fullscreen: false
Intro: false
Menus: false
Profiling: false
Single step:false
App Mode: DEVELOPER
Menu Key: ESCAPE
Stage Style: DECORATED
Scene Factory: class com.almasb.fxgl.scene.SceneFactory
Dialog Factory: class com.almasb.fxgl.ui.FXGLDialogFactory
UI Factory: class com.almasb.fxgl.ui.FXGLUIFactory
Notification Service: class com.almasb.fxgl.gameplay.notification.XboxNotificationView
Exception Handler: class com.almasb.fxgl.app.FXGLExceptionHandler
03:37:44.451 [JavaFX Application Thread] DEBUG GameApplication      - Starting FXGL
03:37:44.461 [JavaFX Application Thread] INFO  FXGL                 - FXGL-0.5.4 on DESKTOP
03:37:44.462 [JavaFX Application Thread] INFO  FXGL                 - Source code and latest versions at: https://github.com/AlmasB/FXGL
03:37:44.462 [JavaFX Application Thread] INFO  FXGL                 -              Join the FXGL chat at: https://gitter.im/AlmasB/FXGL
03:37:44.462 [JavaFX Application Thread] DEBUG FXGL                 - FXGL started
03:37:44.462 [JavaFX Application Thread] DEBUG FXGL                 - Initializing FXGL
03:37:44.503 [JavaFX Application Thread] DEBUG AssetLoader          - Loading from disk: /assets/ui/cursors/fxgl_default.png
03:37:44.586 [JavaFX Application Thread] DEBUG AssetLoader          - Loading from disk: /assets/ui/fonts/VarelaRound-Regular.ttf
03:37:44.710 [JavaFX Application Thread] DEBUG MainWindow           - Creating a JavaFX scene
03:37:44.739 [JavaFX Application Thread] DEBUG MainWindow           - Target settings size: 1280.0 x 720.0
03:37:44.739 [JavaFX Application Thread] DEBUG MainWindow           - Scaled scene size:    1280.0 x 720.0
03:37:44.740 [JavaFX Application Thread] DEBUG MainWindow           - Scaled ratio: (1.0, 1.0)
03:37:44.742 [JavaFX Application Thread] DEBUG AssetLoader          - Loading from disk: /assets/ui/css/fxgl_dark.css
03:37:44.745 [JavaFX Application Thread] DEBUG AssetLoader          - Loading from disk: /assets/textures/fxgl_icon.png
03:37:44.769 [JavaFX Application Thread] DEBUG MainWindow           - Opening main window
03:37:44.894 [JavaFX Application Thread] DEBUG MainWindow           - Window border size: (16.0, 39.0)
03:37:44.894 [JavaFX Application Thread] DEBUG MainWindow           - Scaled size: 1280.0 x 720.0
03:37:44.894 [JavaFX Application Thread] DEBUG MainWindow           - Scaled ratio: (1.0, 1.0)
03:37:44.894 [JavaFX Application Thread] DEBUG MainWindow           - Scene size: 1280.0 x 720.0
03:37:44.894 [JavaFX Application Thread] DEBUG MainWindow           - Stage size: 1296.0 x 759.0
03:37:44.955 [ForkJoinPool.commonPool-worker-1] DEBUG FS                   - Loaded DesktopFSService
03:37:44.955 [ForkJoinPool.commonPool-worker-1] DEBUG FXGL                 - Loading FXGL system data
03:37:44.961 [ForkJoinPool.commonPool-worker-1] DEBUG DesktopFSService     - Reading from: system\fxgl.bundle
03:37:44.971 [ForkJoinPool.commonPool-worker-1] DEBUG Bundle               - Logging bundle: FXGL
03:37:44.972 [ForkJoinPool.commonPool-worker-1] DEBUG Bundle               - FXGL.offline.timer.version.check=2019-01-05T00:29:17.871459100
03:37:44.972 [ForkJoinPool.commonPool-worker-1] DEBUG FXGL                 - Initializing state machine and application states
03:37:44.974 [ForkJoinPool.commonPool-worker-1] DEBUG AssetLoader          - Loading from disk: /assets/ui/cursors/fxgl_default.png
03:37:44.991 [ForkJoinPool.commonPool-worker-1] DEBUG AssetLoader          - Loading from disk: /assets/ui/cursors/fxgl_default.png
03:37:44.999 [ForkJoinPool.commonPool-worker-1] DEBUG AssetLoader          - Loading from cache: /assets/ui/fonts/VarelaRound-Regular.ttf
03:37:45.002 [ForkJoinPool.commonPool-worker-1] DEBUG AssetLoader          - Loading from disk: /assets/ui/cursors/fxgl_default.png
03:37:45.005 [ForkJoinPool.commonPool-worker-1] DEBUG GameScene            - Game scene initialized: 1280x720
03:37:45.011 [ForkJoinPool.commonPool-worker-1] DEBUG GameWorld            - Game world initialized
03:37:45.071 [ForkJoinPool.commonPool-worker-1] DEBUG PhysicsWorld         - Physics world initialized: appHeight=720, physics.ppm=50,0
03:37:45.113 [ForkJoinPool.commonPool-worker-1] DEBUG Input                - Registered new binding: Pause - Esc
03:37:45.154 [JavaFX Application Thread] DEBUG FXGL                 - Running preInit()
03:37:45.155 [JavaFX Application Thread] DEBUG Input                - Registered new binding: Screenshot - P
03:37:45.155 [JavaFX Application Thread] DEBUG Input                - Registered new binding: Dev Options - CTRL+0
03:37:45.155 [JavaFX Application Thread] DEBUG Input                - Registered new binding: System info dump - CTRL+9
03:37:45.156 [JavaFX Application Thread] DEBUG Input                - Registered new binding: Restart - CTRL+R
03:37:45.156 [JavaFX Application Thread] INFO  FXGL                 - FXGL initialization took: 0,694 sec
03:37:45.156 [JavaFX Application Thread] DEBUG LoopRunner           - Starting loop
03:37:45.161 [JavaFX Application Thread] DEBUG StartupState         - STARTUP
03:37:45.161 [JavaFX Application Thread] DEBUG GameApplication      - Starting new game
03:37:45.161 [JavaFX Application Thread] DEBUG Input                - Clearing active input actions
03:37:45.163 [JavaFX Application Thread] DEBUG AssetLoader          - Loading from disk: /assets/ui/css/fxgl_dark.css
03:37:45.170 [JavaFX Application Thread] DEBUG AppStateMachine      - StartupState -> LoadingState
03:37:45.292 [FXGL Background Thread 1 ] DEBUG InitAppTask          - Clearing previous game
03:37:45.292 [FXGL Background Thread 1 ] DEBUG GameWorld            - Clearing game world
03:37:45.293 [FXGL Background Thread 1 ] DEBUG PhysicsWorld         - Clearing physics world
03:37:45.293 [FXGL Background Thread 1 ] DEBUG GameScene            - Clearing game scene
03:37:45.295 [FXGL Background Thread 1 ] DEBUG InitAppTask          - Initializing Game
03:37:45.322 [FXGL Background Thread 1 ] DEBUG AssetLoader          - Loading from disk: /assets/json/map_test.json
03:37:45.561 [FXGL Background Thread 1 ] DEBUG GameWorld            - Clearing removable entities
03:37:45.561 [FXGL Background Thread 1 ] DEBUG GameWorld            - Setting level from map
03:37:45.577 [FXGL Background Thread 1 ] DEBUG AssetLoader          - Loading from disk: /assets/textures/PC Computer - Chips Challenge 2 - Everything (1).png
03:37:45.592 [FXGL Background Thread 1 ] DEBUG AssetLoader          - Loading from cache: /assets/textures/PC Computer - Chips Challenge 2 - Everything (1).png
03:37:45.592 [FXGL Background Thread 1 ] DEBUG AssetLoader          - Loading from cache: /assets/textures/PC Computer - Chips Challenge 2 - Everything (1).png
03:37:45.593 [FXGL Background Thread 1 ] DEBUG AssetLoader          - Loading from cache: /assets/textures/PC Computer - Chips Challenge 2 - Everything (1).png
03:37:45.593 [FXGL Background Thread 1 ] DEBUG AssetLoader          - Loading from cache: /assets/textures/PC Computer - Chips Challenge 2 - Everything (1).png
03:37:45.593 [FXGL Background Thread 1 ] DEBUG AssetLoader          - Loading from cache: /assets/textures/PC Computer - Chips Challenge 2 - Everything (1).png
03:37:45.593 [FXGL Background Thread 1 ] DEBUG AssetLoader          - Loading from cache: /assets/textures/PC Computer - Chips Challenge 2 - Everything (1).png
03:37:45.593 [FXGL Background Thread 1 ] DEBUG AssetLoader          - Loading from cache: /assets/textures/PC Computer - Chips Challenge 2 - Everything (1).png
03:37:45.593 [FXGL Background Thread 1 ] DEBUG AssetLoader          - Loading from cache: /assets/textures/PC Computer - Chips Challenge 2 - Everything (1).png
03:37:45.593 [FXGL Background Thread 1 ] DEBUG AssetLoader          - Loading from cache: /assets/textures/PC Computer - Chips Challenge 2 - Everything (1).png
03:37:45.594 [FXGL Background Thread 1 ] DEBUG AssetLoader          - Loading from cache: /assets/textures/PC Computer - Chips Challenge 2 - Everything (1).png
03:37:45.594 [FXGL Background Thread 1 ] DEBUG AssetLoader          - Loading from cache: /assets/textures/PC Computer - Chips Challenge 2 - Everything (1).png
03:37:45.594 [FXGL Background Thread 1 ] DEBUG AssetLoader          - Loading from cache: /assets/textures/PC Computer - Chips Challenge 2 - Everything (1).png
03:37:45.594 [FXGL Background Thread 1 ] DEBUG AssetLoader          - Loading from cache: /assets/textures/PC Computer - Chips Challenge 2 - Everything (1).png
03:37:45.594 [FXGL Background Thread 1 ] DEBUG AssetLoader          - Loading from cache: /assets/textures/PC Computer - Chips Challenge 2 - Everything (1).png
03:37:45.594 [FXGL Background Thread 1 ] DEBUG AssetLoader          - Loading from cache: /assets/textures/PC Computer - Chips Challenge 2 - Everything (1).png
03:37:45.594 [FXGL Background Thread 1 ] DEBUG AssetLoader          - Loading from cache: /assets/textures/PC Computer - Chips Challenge 2 - Everything (1).png
03:37:45.594 [FXGL Background Thread 1 ] DEBUG AssetLoader          - Loading from cache: /assets/textures/PC Computer - Chips Challenge 2 - Everything (1).png
03:37:45.594 [FXGL Background Thread 1 ] DEBUG AssetLoader          - Loading from cache: /assets/textures/PC Computer - Chips Challenge 2 - Everything (1).png
03:37:45.595 [FXGL Background Thread 1 ] DEBUG AssetLoader          - Loading from cache: /assets/textures/PC Computer - Chips Challenge 2 - Everything (1).png
03:37:45.595 [FXGL Background Thread 1 ] DEBUG AssetLoader          - Loading from cache: /assets/textures/PC Computer - Chips Challenge 2 - Everything (1).png
03:37:45.595 [FXGL Background Thread 1 ] DEBUG AssetLoader          - Loading from cache: /assets/textures/PC Computer - Chips Challenge 2 - Everything (1).png
03:37:45.595 [FXGL Background Thread 1 ] DEBUG AssetLoader          - Loading from cache: /assets/textures/PC Computer - Chips Challenge 2 - Everything (1).png
03:37:45.595 [FXGL Background Thread 1 ] DEBUG AssetLoader          - Loading from cache: /assets/textures/PC Computer - Chips Challenge 2 - Everything (1).png
03:37:45.595 [FXGL Background Thread 1 ] DEBUG AssetLoader          - Loading from cache: /assets/textures/PC Computer - Chips Challenge 2 - Everything (1).png
03:37:45.595 [FXGL Background Thread 1 ] DEBUG AssetLoader          - Loading from cache: /assets/textures/PC Computer - Chips Challenge 2 - Everything (1).png
03:37:45.595 [FXGL Background Thread 1 ] DEBUG AssetLoader          - Loading from cache: /assets/textures/PC Computer - Chips Challenge 2 - Everything (1).png
03:37:45.596 [FXGL Background Thread 1 ] DEBUG AssetLoader          - Loading from cache: /assets/textures/PC Computer - Chips Challenge 2 - Everything (1).png
03:37:45.596 [FXGL Background Thread 1 ] DEBUG AssetLoader          - Loading from cache: /assets/textures/PC Computer - Chips Challenge 2 - Everything (1).png
03:37:45.596 [FXGL Background Thread 1 ] DEBUG AssetLoader          - Loading from cache: /assets/textures/PC Computer - Chips Challenge 2 - Everything (1).png
03:37:45.596 [FXGL Background Thread 1 ] DEBUG AssetLoader          - Loading from cache: /assets/textures/PC Computer - Chips Challenge 2 - Everything (1).png
03:37:45.596 [FXGL Background Thread 1 ] DEBUG AssetLoader          - Loading from cache: /assets/textures/PC Computer - Chips Challenge 2 - Everything (1).png
03:37:45.596 [FXGL Background Thread 1 ] DEBUG AssetLoader          - Loading from cache: /assets/textures/PC Computer - Chips Challenge 2 - Everything (1).png
03:37:45.596 [FXGL Background Thread 1 ] DEBUG AssetLoader          - Loading from cache: /assets/textures/PC Computer - Chips Challenge 2 - Everything (1).png
03:37:45.596 [FXGL Background Thread 1 ] DEBUG AssetLoader          - Loading from cache: /assets/textures/PC Computer - Chips Challenge 2 - Everything (1).png
03:37:45.596 [FXGL Background Thread 1 ] DEBUG AssetLoader          - Loading from cache: /assets/textures/PC Computer - Chips Challenge 2 - Everything (1).png
03:37:45.597 [FXGL Background Thread 1 ] DEBUG AssetLoader          - Loading from cache: /assets/textures/PC Computer - Chips Challenge 2 - Everything (1).png
03:37:45.597 [FXGL Background Thread 1 ] DEBUG AssetLoader          - Loading from cache: /assets/textures/PC Computer - Chips Challenge 2 - Everything (1).png
03:37:45.597 [FXGL Background Thread 1 ] DEBUG AssetLoader          - Loading from cache: /assets/textures/PC Computer - Chips Challenge 2 - Everything (1).png
03:37:45.597 [FXGL Background Thread 1 ] DEBUG AssetLoader          - Loading from cache: /assets/textures/PC Computer - Chips Challenge 2 - Everything (1).png
03:37:45.597 [FXGL Background Thread 1 ] DEBUG AssetLoader          - Loading from cache: /assets/textures/PC Computer - Chips Challenge 2 - Everything (1).png
03:37:45.597 [FXGL Background Thread 1 ] DEBUG AssetLoader          - Loading from cache: /assets/textures/PC Computer - Chips Challenge 2 - Everything (1).png
03:37:45.597 [FXGL Background Thread 1 ] DEBUG AssetLoader          - Loading from cache: /assets/textures/PC Computer - Chips Challenge 2 - Everything (1).png
03:37:45.597 [FXGL Background Thread 1 ] DEBUG AssetLoader          - Loading from cache: /assets/textures/PC Computer - Chips Challenge 2 - Everything (1).png
03:37:45.597 [FXGL Background Thread 1 ] DEBUG AssetLoader          - Loading from cache: /assets/textures/PC Computer - Chips Challenge 2 - Everything (1).png
03:37:45.598 [FXGL Background Thread 1 ] DEBUG AssetLoader          - Loading from cache: /assets/textures/PC Computer - Chips Challenge 2 - Everything (1).png
03:37:45.598 [FXGL Background Thread 1 ] DEBUG AssetLoader          - Loading from cache: /assets/textures/PC Computer - Chips Challenge 2 - Everything (1).png
03:37:45.598 [FXGL Background Thread 1 ] DEBUG AssetLoader          - Loading from cache: /assets/textures/PC Computer - Chips Challenge 2 - Everything (1).png
03:37:45.598 [FXGL Background Thread 1 ] DEBUG AssetLoader          - Loading from cache: /assets/textures/PC Computer - Chips Challenge 2 - Everything (1).png
03:37:45.598 [FXGL Background Thread 1 ] DEBUG AssetLoader          - Loading from cache: /assets/textures/PC Computer - Chips Challenge 2 - Everything (1).png
03:37:45.598 [FXGL Background Thread 1 ] DEBUG AssetLoader          - Loading from cache: /assets/textures/PC Computer - Chips Challenge 2 - Everything (1).png
03:37:45.599 [FXGL Background Thread 1 ] DEBUG AssetLoader          - Loading from cache: /assets/textures/PC Computer - Chips Challenge 2 - Everything (1).png
03:37:45.599 [FXGL Background Thread 1 ] DEBUG AssetLoader          - Loading from cache: /assets/textures/PC Computer - Chips Challenge 2 - Everything (1).png
03:37:45.599 [FXGL Background Thread 1 ] DEBUG AssetLoader          - Loading from cache: /assets/textures/PC Computer - Chips Challenge 2 - Everything (1).png
03:37:45.599 [FXGL Background Thread 1 ] DEBUG AssetLoader          - Loading from cache: /assets/textures/PC Computer - Chips Challenge 2 - Everything (1).png
03:37:45.601 [FXGL Background Thread 1 ] DEBUG GameScene            - Creating render group for layer: BACKGROUND(1000)
03:37:45.626 [FXGL Background Thread 1 ] DEBUG GameScene            - Creating render group for layer: DEFAULT(100000)
03:37:45.630 [FXGL Background Thread 1 ] DEBUG InitAppTask          - Initializing Physics
03:37:45.631 [FXGL Background Thread 1 ] DEBUG InitAppTask          - Initializing UI
03:37:45.631 [FXGL Background Thread 1 ] DEBUG InitAppTask          - Initialization Complete
03:37:45.631 [FXGL Background Thread 1 ] INFO  InitAppTask          - Game initialization took: 0,339 sec
03:37:45.641 [JavaFX Application Thread] DEBUG Input                - Clearing active input actions
03:37:45.641 [JavaFX Application Thread] DEBUG AssetLoader          - Loading from disk: /assets/ui/css/fxgl_dark.css
03:37:45.647 [JavaFX Application Thread] DEBUG AppStateMachine      - LoadingState -> PlayState
03:37:56.123 [JavaFX Application Thread] DEBUG FXGL                 - Exiting FXGL
03:37:56.123 [JavaFX Application Thread] DEBUG FXGL                 - Shutting down background threads
03:37:56.123 [JavaFX Application Thread] DEBUG FXGL                 - Saving FXGL system data
03:37:56.125 [JavaFX Application Thread] DEBUG DesktopFSService     - Writing to: system\fxgl.bundle
03:37:56.130 [JavaFX Application Thread] DEBUG FXGL                 - Closing logger and exiting JavaFX
