03:38:16.476 [JavaFX Application Thread] DEBUG GameApplication      - Logger initialized
03:38:16.496 [JavaFX Application Thread] DEBUG GameApplication      - Logging settings
Title: Chip's RPG
Version: 0.0
Width: 1280
Height: 720
Fullscreen: false
Intro: false
Menus: false
Profiling: false
Single step:false
App Mode: DEVELOPER
Menu Key: ESCAPE
Stage Style: DECORATED
Scene Factory: class com.almasb.fxgl.scene.SceneFactory
Dialog Factory: class com.almasb.fxgl.ui.FXGLDialogFactory
UI Factory: class com.almasb.fxgl.ui.FXGLUIFactory
Notification Service: class com.almasb.fxgl.gameplay.notification.XboxNotificationView
Exception Handler: class com.almasb.fxgl.app.FXGLExceptionHandler
03:38:16.496 [JavaFX Application Thread] DEBUG GameApplication      - Starting FXGL
03:38:16.509 [JavaFX Application Thread] INFO  FXGL                 - FXGL-0.5.4 on DESKTOP
03:38:16.509 [JavaFX Application Thread] INFO  FXGL                 - Source code and latest versions at: https://github.com/AlmasB/FXGL
03:38:16.509 [JavaFX Application Thread] INFO  FXGL                 -              Join the FXGL chat at: https://gitter.im/AlmasB/FXGL
03:38:16.510 [JavaFX Application Thread] DEBUG FXGL                 - FXGL started
03:38:16.510 [JavaFX Application Thread] DEBUG FXGL                 - Initializing FXGL
03:38:16.547 [JavaFX Application Thread] DEBUG AssetLoader          - Loading from disk: /assets/ui/cursors/fxgl_default.png
03:38:16.630 [JavaFX Application Thread] DEBUG AssetLoader          - Loading from disk: /assets/ui/fonts/VarelaRound-Regular.ttf
03:38:16.758 [JavaFX Application Thread] DEBUG MainWindow           - Creating a JavaFX scene
03:38:16.792 [JavaFX Application Thread] DEBUG MainWindow           - Target settings size: 1280.0 x 720.0
03:38:16.792 [JavaFX Application Thread] DEBUG MainWindow           - Scaled scene size:    1280.0 x 720.0
03:38:16.792 [JavaFX Application Thread] DEBUG MainWindow           - Scaled ratio: (1.0, 1.0)
03:38:16.794 [JavaFX Application Thread] DEBUG AssetLoader          - Loading from disk: /assets/ui/css/fxgl_dark.css
03:38:16.797 [JavaFX Application Thread] DEBUG AssetLoader          - Loading from disk: /assets/textures/fxgl_icon.png
03:38:16.813 [JavaFX Application Thread] DEBUG MainWindow           - Opening main window
03:38:16.932 [JavaFX Application Thread] DEBUG MainWindow           - Window border size: (16.0, 39.0)
03:38:16.932 [JavaFX Application Thread] DEBUG MainWindow           - Scaled size: 1280.0 x 720.0
03:38:16.932 [JavaFX Application Thread] DEBUG MainWindow           - Scaled ratio: (1.0, 1.0)
03:38:16.933 [JavaFX Application Thread] DEBUG MainWindow           - Scene size: 1280.0 x 720.0
03:38:16.933 [JavaFX Application Thread] DEBUG MainWindow           - Stage size: 1296.0 x 759.0
03:38:17.004 [ForkJoinPool.commonPool-worker-1] DEBUG FS                   - Loaded DesktopFSService
03:38:17.004 [ForkJoinPool.commonPool-worker-1] DEBUG FXGL                 - Loading FXGL system data
03:38:17.011 [ForkJoinPool.commonPool-worker-1] DEBUG DesktopFSService     - Reading from: system\fxgl.bundle
03:38:17.025 [ForkJoinPool.commonPool-worker-1] DEBUG Bundle               - Logging bundle: FXGL
03:38:17.025 [ForkJoinPool.commonPool-worker-1] DEBUG Bundle               - FXGL.offline.timer.version.check=2019-01-05T00:29:17.871459100
03:38:17.027 [ForkJoinPool.commonPool-worker-1] DEBUG FXGL                 - Initializing state machine and application states
03:38:17.029 [ForkJoinPool.commonPool-worker-1] DEBUG AssetLoader          - Loading from disk: /assets/ui/cursors/fxgl_default.png
03:38:17.100 [ForkJoinPool.commonPool-worker-1] DEBUG AssetLoader          - Loading from disk: /assets/ui/cursors/fxgl_default.png
03:38:17.106 [ForkJoinPool.commonPool-worker-1] DEBUG AssetLoader          - Loading from cache: /assets/ui/fonts/VarelaRound-Regular.ttf
03:38:17.108 [ForkJoinPool.commonPool-worker-1] DEBUG AssetLoader          - Loading from disk: /assets/ui/cursors/fxgl_default.png
03:38:17.112 [ForkJoinPool.commonPool-worker-1] DEBUG GameScene            - Game scene initialized: 1280x720
03:38:17.117 [ForkJoinPool.commonPool-worker-1] DEBUG GameWorld            - Game world initialized
03:38:17.184 [ForkJoinPool.commonPool-worker-1] DEBUG PhysicsWorld         - Physics world initialized: appHeight=720, physics.ppm=50,0
03:38:17.218 [ForkJoinPool.commonPool-worker-1] DEBUG Input                - Registered new binding: Pause - Esc
03:38:17.260 [JavaFX Application Thread] DEBUG FXGL                 - Running preInit()
03:38:17.261 [JavaFX Application Thread] DEBUG Input                - Registered new binding: Screenshot - P
03:38:17.262 [JavaFX Application Thread] DEBUG Input                - Registered new binding: Dev Options - CTRL+0
03:38:17.263 [JavaFX Application Thread] DEBUG Input                - Registered new binding: System info dump - CTRL+9
03:38:17.264 [JavaFX Application Thread] DEBUG Input                - Registered new binding: Restart - CTRL+R
03:38:17.265 [JavaFX Application Thread] INFO  FXGL                 - FXGL initialization took: 0,755 sec
03:38:17.265 [JavaFX Application Thread] DEBUG LoopRunner           - Starting loop
03:38:17.266 [JavaFX Application Thread] DEBUG StartupState         - STARTUP
03:38:17.266 [JavaFX Application Thread] DEBUG GameApplication      - Starting new game
03:38:17.266 [JavaFX Application Thread] DEBUG Input                - Clearing active input actions
03:38:17.267 [JavaFX Application Thread] DEBUG AssetLoader          - Loading from disk: /assets/ui/css/fxgl_dark.css
03:38:17.273 [JavaFX Application Thread] DEBUG AppStateMachine      - StartupState -> LoadingState
03:38:17.306 [FXGL Background Thread 1 ] DEBUG InitAppTask          - Clearing previous game
03:38:17.307 [FXGL Background Thread 1 ] DEBUG GameWorld            - Clearing game world
03:38:17.307 [FXGL Background Thread 1 ] DEBUG PhysicsWorld         - Clearing physics world
03:38:17.309 [FXGL Background Thread 1 ] DEBUG GameScene            - Clearing game scene
03:38:17.311 [FXGL Background Thread 1 ] DEBUG InitAppTask          - Initializing Game
03:38:17.338 [FXGL Background Thread 1 ] DEBUG AssetLoader          - Loading from disk: /assets/json/map_test.json
03:38:17.584 [FXGL Background Thread 1 ] DEBUG GameWorld            - Clearing removable entities
03:38:17.585 [FXGL Background Thread 1 ] DEBUG GameWorld            - Setting level from map
03:38:17.600 [FXGL Background Thread 1 ] DEBUG AssetLoader          - Loading from disk: /assets/textures/PC Computer - Chips Challenge 2 - Everything (1).png
03:38:17.614 [FXGL Background Thread 1 ] DEBUG AssetLoader          - Loading from cache: /assets/textures/PC Computer - Chips Challenge 2 - Everything (1).png
03:38:17.614 [FXGL Background Thread 1 ] DEBUG AssetLoader          - Loading from cache: /assets/textures/PC Computer - Chips Challenge 2 - Everything (1).png
03:38:17.614 [FXGL Background Thread 1 ] DEBUG AssetLoader          - Loading from cache: /assets/textures/PC Computer - Chips Challenge 2 - Everything (1).png
03:38:17.615 [FXGL Background Thread 1 ] DEBUG AssetLoader          - Loading from cache: /assets/textures/PC Computer - Chips Challenge 2 - Everything (1).png
03:38:17.615 [FXGL Background Thread 1 ] DEBUG AssetLoader          - Loading from cache: /assets/textures/PC Computer - Chips Challenge 2 - Everything (1).png
03:38:17.615 [FXGL Background Thread 1 ] DEBUG AssetLoader          - Loading from cache: /assets/textures/PC Computer - Chips Challenge 2 - Everything (1).png
03:38:17.615 [FXGL Background Thread 1 ] DEBUG AssetLoader          - Loading from cache: /assets/textures/PC Computer - Chips Challenge 2 - Everything (1).png
03:38:17.615 [FXGL Background Thread 1 ] DEBUG AssetLoader          - Loading from cache: /assets/textures/PC Computer - Chips Challenge 2 - Everything (1).png
03:38:17.615 [FXGL Background Thread 1 ] DEBUG AssetLoader          - Loading from cache: /assets/textures/PC Computer - Chips Challenge 2 - Everything (1).png
03:38:17.615 [FXGL Background Thread 1 ] DEBUG AssetLoader          - Loading from cache: /assets/textures/PC Computer - Chips Challenge 2 - Everything (1).png
03:38:17.615 [FXGL Background Thread 1 ] DEBUG AssetLoader          - Loading from cache: /assets/textures/PC Computer - Chips Challenge 2 - Everything (1).png
03:38:17.615 [FXGL Background Thread 1 ] DEBUG AssetLoader          - Loading from cache: /assets/textures/PC Computer - Chips Challenge 2 - Everything (1).png
03:38:17.616 [FXGL Background Thread 1 ] DEBUG AssetLoader          - Loading from cache: /assets/textures/PC Computer - Chips Challenge 2 - Everything (1).png
03:38:17.616 [FXGL Background Thread 1 ] DEBUG AssetLoader          - Loading from cache: /assets/textures/PC Computer - Chips Challenge 2 - Everything (1).png
03:38:17.616 [FXGL Background Thread 1 ] DEBUG AssetLoader          - Loading from cache: /assets/textures/PC Computer - Chips Challenge 2 - Everything (1).png
03:38:17.616 [FXGL Background Thread 1 ] DEBUG AssetLoader          - Loading from cache: /assets/textures/PC Computer - Chips Challenge 2 - Everything (1).png
03:38:17.616 [FXGL Background Thread 1 ] DEBUG AssetLoader          - Loading from cache: /assets/textures/PC Computer - Chips Challenge 2 - Everything (1).png
03:38:17.616 [FXGL Background Thread 1 ] DEBUG AssetLoader          - Loading from cache: /assets/textures/PC Computer - Chips Challenge 2 - Everything (1).png
03:38:17.616 [FXGL Background Thread 1 ] DEBUG AssetLoader          - Loading from cache: /assets/textures/PC Computer - Chips Challenge 2 - Everything (1).png
03:38:17.616 [FXGL Background Thread 1 ] DEBUG AssetLoader          - Loading from cache: /assets/textures/PC Computer - Chips Challenge 2 - Everything (1).png
03:38:17.616 [FXGL Background Thread 1 ] DEBUG AssetLoader          - Loading from cache: /assets/textures/PC Computer - Chips Challenge 2 - Everything (1).png
03:38:17.616 [FXGL Background Thread 1 ] DEBUG AssetLoader          - Loading from cache: /assets/textures/PC Computer - Chips Challenge 2 - Everything (1).png
03:38:17.617 [FXGL Background Thread 1 ] DEBUG AssetLoader          - Loading from cache: /assets/textures/PC Computer - Chips Challenge 2 - Everything (1).png
03:38:17.617 [FXGL Background Thread 1 ] DEBUG AssetLoader          - Loading from cache: /assets/textures/PC Computer - Chips Challenge 2 - Everything (1).png
03:38:17.617 [FXGL Background Thread 1 ] DEBUG AssetLoader          - Loading from cache: /assets/textures/PC Computer - Chips Challenge 2 - Everything (1).png
03:38:17.617 [FXGL Background Thread 1 ] DEBUG AssetLoader          - Loading from cache: /assets/textures/PC Computer - Chips Challenge 2 - Everything (1).png
03:38:17.617 [FXGL Background Thread 1 ] DEBUG AssetLoader          - Loading from cache: /assets/textures/PC Computer - Chips Challenge 2 - Everything (1).png
03:38:17.617 [FXGL Background Thread 1 ] DEBUG AssetLoader          - Loading from cache: /assets/textures/PC Computer - Chips Challenge 2 - Everything (1).png
03:38:17.617 [FXGL Background Thread 1 ] DEBUG AssetLoader          - Loading from cache: /assets/textures/PC Computer - Chips Challenge 2 - Everything (1).png
03:38:17.617 [FXGL Background Thread 1 ] DEBUG AssetLoader          - Loading from cache: /assets/textures/PC Computer - Chips Challenge 2 - Everything (1).png
03:38:17.617 [FXGL Background Thread 1 ] DEBUG AssetLoader          - Loading from cache: /assets/textures/PC Computer - Chips Challenge 2 - Everything (1).png
03:38:17.618 [FXGL Background Thread 1 ] DEBUG AssetLoader          - Loading from cache: /assets/textures/PC Computer - Chips Challenge 2 - Everything (1).png
03:38:17.618 [FXGL Background Thread 1 ] DEBUG AssetLoader          - Loading from cache: /assets/textures/PC Computer - Chips Challenge 2 - Everything (1).png
03:38:17.618 [FXGL Background Thread 1 ] DEBUG AssetLoader          - Loading from cache: /assets/textures/PC Computer - Chips Challenge 2 - Everything (1).png
03:38:17.618 [FXGL Background Thread 1 ] DEBUG AssetLoader          - Loading from cache: /assets/textures/PC Computer - Chips Challenge 2 - Everything (1).png
03:38:17.618 [FXGL Background Thread 1 ] DEBUG AssetLoader          - Loading from cache: /assets/textures/PC Computer - Chips Challenge 2 - Everything (1).png
03:38:17.618 [FXGL Background Thread 1 ] DEBUG AssetLoader          - Loading from cache: /assets/textures/PC Computer - Chips Challenge 2 - Everything (1).png
03:38:17.618 [FXGL Background Thread 1 ] DEBUG AssetLoader          - Loading from cache: /assets/textures/PC Computer - Chips Challenge 2 - Everything (1).png
03:38:17.618 [FXGL Background Thread 1 ] DEBUG AssetLoader          - Loading from cache: /assets/textures/PC Computer - Chips Challenge 2 - Everything (1).png
03:38:17.618 [FXGL Background Thread 1 ] DEBUG AssetLoader          - Loading from cache: /assets/textures/PC Computer - Chips Challenge 2 - Everything (1).png
03:38:17.618 [FXGL Background Thread 1 ] DEBUG AssetLoader          - Loading from cache: /assets/textures/PC Computer - Chips Challenge 2 - Everything (1).png
03:38:17.619 [FXGL Background Thread 1 ] DEBUG AssetLoader          - Loading from cache: /assets/textures/PC Computer - Chips Challenge 2 - Everything (1).png
03:38:17.619 [FXGL Background Thread 1 ] DEBUG AssetLoader          - Loading from cache: /assets/textures/PC Computer - Chips Challenge 2 - Everything (1).png
03:38:17.619 [FXGL Background Thread 1 ] DEBUG AssetLoader          - Loading from cache: /assets/textures/PC Computer - Chips Challenge 2 - Everything (1).png
03:38:17.619 [FXGL Background Thread 1 ] DEBUG AssetLoader          - Loading from cache: /assets/textures/PC Computer - Chips Challenge 2 - Everything (1).png
03:38:17.619 [FXGL Background Thread 1 ] DEBUG AssetLoader          - Loading from cache: /assets/textures/PC Computer - Chips Challenge 2 - Everything (1).png
03:38:17.619 [FXGL Background Thread 1 ] DEBUG AssetLoader          - Loading from cache: /assets/textures/PC Computer - Chips Challenge 2 - Everything (1).png
03:38:17.619 [FXGL Background Thread 1 ] DEBUG AssetLoader          - Loading from cache: /assets/textures/PC Computer - Chips Challenge 2 - Everything (1).png
03:38:17.619 [FXGL Background Thread 1 ] DEBUG AssetLoader          - Loading from cache: /assets/textures/PC Computer - Chips Challenge 2 - Everything (1).png
03:38:17.619 [FXGL Background Thread 1 ] DEBUG AssetLoader          - Loading from cache: /assets/textures/PC Computer - Chips Challenge 2 - Everything (1).png
03:38:17.620 [FXGL Background Thread 1 ] DEBUG AssetLoader          - Loading from cache: /assets/textures/PC Computer - Chips Challenge 2 - Everything (1).png
03:38:17.620 [FXGL Background Thread 1 ] DEBUG AssetLoader          - Loading from cache: /assets/textures/PC Computer - Chips Challenge 2 - Everything (1).png
03:38:17.620 [FXGL Background Thread 1 ] DEBUG AssetLoader          - Loading from cache: /assets/textures/PC Computer - Chips Challenge 2 - Everything (1).png
03:38:17.620 [FXGL Background Thread 1 ] DEBUG AssetLoader          - Loading from cache: /assets/textures/PC Computer - Chips Challenge 2 - Everything (1).png
03:38:17.622 [FXGL Background Thread 1 ] DEBUG GameScene            - Creating render group for layer: BACKGROUND(1000)
03:38:17.650 [FXGL Background Thread 1 ] DEBUG GameScene            - Creating render group for layer: DEFAULT(100000)
03:38:17.654 [FXGL Background Thread 1 ] DEBUG InitAppTask          - Initializing Physics
03:38:17.654 [FXGL Background Thread 1 ] DEBUG InitAppTask          - Initializing UI
03:38:17.654 [FXGL Background Thread 1 ] DEBUG InitAppTask          - Initialization Complete
03:38:17.654 [FXGL Background Thread 1 ] INFO  InitAppTask          - Game initialization took: 0,349 sec
03:38:17.658 [JavaFX Application Thread] DEBUG Input                - Clearing active input actions
03:38:17.658 [JavaFX Application Thread] DEBUG AssetLoader          - Loading from disk: /assets/ui/css/fxgl_dark.css
03:38:17.664 [JavaFX Application Thread] DEBUG AppStateMachine      - LoadingState -> PlayState
03:38:20.548 [JavaFX Application Thread] DEBUG FXGL                 - Exiting FXGL
03:38:20.548 [JavaFX Application Thread] DEBUG FXGL                 - Shutting down background threads
03:38:20.548 [JavaFX Application Thread] DEBUG FXGL                 - Saving FXGL system data
03:38:20.550 [JavaFX Application Thread] DEBUG DesktopFSService     - Writing to: system\fxgl.bundle
03:38:20.555 [JavaFX Application Thread] DEBUG FXGL                 - Closing logger and exiting JavaFX
