03:17:46.494 [JavaFX Application Thread] DEBUG GameApplication      - Logger initialized
03:17:46.515 [JavaFX Application Thread] DEBUG GameApplication      - Logging settings
Title: Chip's RPG
Version: 0.0
Width: 1280
Height: 720
Fullscreen: false
Intro: false
Menus: false
Profiling: false
Single step:false
App Mode: DEVELOPER
Menu Key: ESCAPE
Stage Style: DECORATED
Scene Factory: class com.almasb.fxgl.scene.SceneFactory
Dialog Factory: class com.almasb.fxgl.ui.FXGLDialogFactory
UI Factory: class com.almasb.fxgl.ui.FXGLUIFactory
Notification Service: class com.almasb.fxgl.gameplay.notification.XboxNotificationView
Exception Handler: class com.almasb.fxgl.app.FXGLExceptionHandler
03:17:46.516 [JavaFX Application Thread] DEBUG GameApplication      - Starting FXGL
03:17:46.535 [JavaFX Application Thread] INFO  FXGL                 - FXGL-0.5.4 on DESKTOP
03:17:46.536 [JavaFX Application Thread] INFO  FXGL                 - Source code and latest versions at: https://github.com/AlmasB/FXGL
03:17:46.536 [JavaFX Application Thread] INFO  FXGL                 -              Join the FXGL chat at: https://gitter.im/AlmasB/FXGL
03:17:46.538 [JavaFX Application Thread] DEBUG FXGL                 - FXGL started
03:17:46.538 [JavaFX Application Thread] DEBUG FXGL                 - Initializing FXGL
03:17:46.588 [JavaFX Application Thread] DEBUG AssetLoader          - Loading from disk: /assets/ui/cursors/fxgl_default.png
03:17:46.674 [JavaFX Application Thread] DEBUG AssetLoader          - Loading from disk: /assets/ui/fonts/VarelaRound-Regular.ttf
03:17:46.800 [JavaFX Application Thread] DEBUG MainWindow           - Creating a JavaFX scene
03:17:46.834 [JavaFX Application Thread] DEBUG MainWindow           - Target settings size: 1280.0 x 720.0
03:17:46.834 [JavaFX Application Thread] DEBUG MainWindow           - Scaled scene size:    1280.0 x 720.0
03:17:46.834 [JavaFX Application Thread] DEBUG MainWindow           - Scaled ratio: (1.0, 1.0)
03:17:46.836 [JavaFX Application Thread] DEBUG AssetLoader          - Loading from disk: /assets/ui/css/fxgl_dark.css
03:17:46.839 [JavaFX Application Thread] DEBUG AssetLoader          - Loading from disk: /assets/textures/fxgl_icon.png
03:17:46.855 [JavaFX Application Thread] DEBUG MainWindow           - Opening main window
03:17:46.975 [JavaFX Application Thread] DEBUG MainWindow           - Window border size: (16.0, 39.0)
03:17:46.975 [JavaFX Application Thread] DEBUG MainWindow           - Scaled size: 1280.0 x 720.0
03:17:46.975 [JavaFX Application Thread] DEBUG MainWindow           - Scaled ratio: (1.0, 1.0)
03:17:46.975 [JavaFX Application Thread] DEBUG MainWindow           - Scene size: 1280.0 x 720.0
03:17:46.975 [JavaFX Application Thread] DEBUG MainWindow           - Stage size: 1296.0 x 759.0
03:17:47.072 [ForkJoinPool.commonPool-worker-1] DEBUG FS                   - Loaded DesktopFSService
03:17:47.072 [ForkJoinPool.commonPool-worker-1] DEBUG FXGL                 - Loading FXGL system data
03:17:47.078 [ForkJoinPool.commonPool-worker-1] DEBUG DesktopFSService     - Reading from: system\fxgl.bundle
03:17:47.087 [ForkJoinPool.commonPool-worker-1] DEBUG Bundle               - Logging bundle: FXGL
03:17:47.088 [ForkJoinPool.commonPool-worker-1] DEBUG Bundle               - FXGL.offline.timer.version.check=2019-01-05T00:29:17.871459100
03:17:47.089 [ForkJoinPool.commonPool-worker-1] DEBUG FXGL                 - Initializing state machine and application states
03:17:47.090 [ForkJoinPool.commonPool-worker-1] DEBUG AssetLoader          - Loading from disk: /assets/ui/cursors/fxgl_default.png
03:17:47.142 [ForkJoinPool.commonPool-worker-1] DEBUG AssetLoader          - Loading from disk: /assets/ui/cursors/fxgl_default.png
03:17:47.149 [ForkJoinPool.commonPool-worker-1] DEBUG AssetLoader          - Loading from cache: /assets/ui/fonts/VarelaRound-Regular.ttf
03:17:47.155 [ForkJoinPool.commonPool-worker-1] DEBUG AssetLoader          - Loading from disk: /assets/ui/cursors/fxgl_default.png
03:17:47.160 [ForkJoinPool.commonPool-worker-1] DEBUG GameScene            - Game scene initialized: 1280x720
03:17:47.165 [ForkJoinPool.commonPool-worker-1] DEBUG GameWorld            - Game world initialized
03:17:47.211 [ForkJoinPool.commonPool-worker-1] DEBUG PhysicsWorld         - Physics world initialized: appHeight=720, physics.ppm=50,0
03:17:47.234 [ForkJoinPool.commonPool-worker-1] DEBUG Input                - Registered new binding: Pause - Esc
03:17:47.276 [JavaFX Application Thread] DEBUG FXGL                 - Running preInit()
03:17:47.277 [JavaFX Application Thread] DEBUG Input                - Registered new binding: Screenshot - P
03:17:47.278 [JavaFX Application Thread] DEBUG Input                - Registered new binding: Dev Options - CTRL+0
03:17:47.278 [JavaFX Application Thread] DEBUG Input                - Registered new binding: System info dump - CTRL+9
03:17:47.278 [JavaFX Application Thread] DEBUG Input                - Registered new binding: Restart - CTRL+R
03:17:47.279 [JavaFX Application Thread] INFO  FXGL                 - FXGL initialization took: 0,741 sec
03:17:47.279 [JavaFX Application Thread] DEBUG LoopRunner           - Starting loop
03:17:47.280 [JavaFX Application Thread] DEBUG StartupState         - STARTUP
03:17:47.280 [JavaFX Application Thread] DEBUG GameApplication      - Starting new game
03:17:47.280 [JavaFX Application Thread] DEBUG Input                - Clearing active input actions
03:17:47.281 [JavaFX Application Thread] DEBUG AssetLoader          - Loading from disk: /assets/ui/css/fxgl_dark.css
03:17:47.289 [JavaFX Application Thread] DEBUG AppStateMachine      - StartupState -> LoadingState
03:17:47.303 [FXGL Background Thread 1 ] DEBUG InitAppTask          - Clearing previous game
03:17:47.303 [FXGL Background Thread 1 ] DEBUG GameWorld            - Clearing game world
03:17:47.303 [FXGL Background Thread 1 ] DEBUG PhysicsWorld         - Clearing physics world
03:17:47.303 [FXGL Background Thread 1 ] DEBUG GameScene            - Clearing game scene
03:17:47.304 [FXGL Background Thread 1 ] DEBUG InitAppTask          - Initializing Game
03:17:47.322 [FXGL Background Thread 1 ] DEBUG AssetLoader          - Loading from disk: /assets/json/map_test.json
03:17:47.558 [FXGL Background Thread 1 ] DEBUG GameWorld            - Clearing removable entities
03:17:47.559 [FXGL Background Thread 1 ] DEBUG GameWorld            - Setting level from map
03:17:47.577 [FXGL Background Thread 1 ] DEBUG AssetLoader          - Loading from disk: /assets/textures/PC Computer - Chips Challenge 2 - Everything (1).png
03:17:47.592 [FXGL Background Thread 1 ] DEBUG AssetLoader          - Loading from cache: /assets/textures/PC Computer - Chips Challenge 2 - Everything (1).png
03:17:47.592 [FXGL Background Thread 1 ] DEBUG AssetLoader          - Loading from cache: /assets/textures/PC Computer - Chips Challenge 2 - Everything (1).png
03:17:47.592 [FXGL Background Thread 1 ] DEBUG AssetLoader          - Loading from cache: /assets/textures/PC Computer - Chips Challenge 2 - Everything (1).png
03:17:47.592 [FXGL Background Thread 1 ] DEBUG AssetLoader          - Loading from cache: /assets/textures/PC Computer - Chips Challenge 2 - Everything (1).png
03:17:47.592 [FXGL Background Thread 1 ] DEBUG AssetLoader          - Loading from cache: /assets/textures/PC Computer - Chips Challenge 2 - Everything (1).png
03:17:47.593 [FXGL Background Thread 1 ] DEBUG AssetLoader          - Loading from cache: /assets/textures/PC Computer - Chips Challenge 2 - Everything (1).png
03:17:47.593 [FXGL Background Thread 1 ] DEBUG AssetLoader          - Loading from cache: /assets/textures/PC Computer - Chips Challenge 2 - Everything (1).png
03:17:47.593 [FXGL Background Thread 1 ] DEBUG AssetLoader          - Loading from cache: /assets/textures/PC Computer - Chips Challenge 2 - Everything (1).png
03:17:47.593 [FXGL Background Thread 1 ] DEBUG AssetLoader          - Loading from cache: /assets/textures/PC Computer - Chips Challenge 2 - Everything (1).png
03:17:47.593 [FXGL Background Thread 1 ] DEBUG AssetLoader          - Loading from cache: /assets/textures/PC Computer - Chips Challenge 2 - Everything (1).png
03:17:47.593 [FXGL Background Thread 1 ] DEBUG AssetLoader          - Loading from cache: /assets/textures/PC Computer - Chips Challenge 2 - Everything (1).png
03:17:47.593 [FXGL Background Thread 1 ] DEBUG AssetLoader          - Loading from cache: /assets/textures/PC Computer - Chips Challenge 2 - Everything (1).png
03:17:47.593 [FXGL Background Thread 1 ] DEBUG AssetLoader          - Loading from cache: /assets/textures/PC Computer - Chips Challenge 2 - Everything (1).png
03:17:47.593 [FXGL Background Thread 1 ] DEBUG AssetLoader          - Loading from cache: /assets/textures/PC Computer - Chips Challenge 2 - Everything (1).png
03:17:47.594 [FXGL Background Thread 1 ] DEBUG AssetLoader          - Loading from cache: /assets/textures/PC Computer - Chips Challenge 2 - Everything (1).png
03:17:47.594 [FXGL Background Thread 1 ] DEBUG AssetLoader          - Loading from cache: /assets/textures/PC Computer - Chips Challenge 2 - Everything (1).png
03:17:47.594 [FXGL Background Thread 1 ] DEBUG AssetLoader          - Loading from cache: /assets/textures/PC Computer - Chips Challenge 2 - Everything (1).png
03:17:47.594 [FXGL Background Thread 1 ] DEBUG AssetLoader          - Loading from cache: /assets/textures/PC Computer - Chips Challenge 2 - Everything (1).png
03:17:47.594 [FXGL Background Thread 1 ] DEBUG AssetLoader          - Loading from cache: /assets/textures/PC Computer - Chips Challenge 2 - Everything (1).png
03:17:47.594 [FXGL Background Thread 1 ] DEBUG AssetLoader          - Loading from cache: /assets/textures/PC Computer - Chips Challenge 2 - Everything (1).png
03:17:47.594 [FXGL Background Thread 1 ] DEBUG AssetLoader          - Loading from cache: /assets/textures/PC Computer - Chips Challenge 2 - Everything (1).png
03:17:47.594 [FXGL Background Thread 1 ] DEBUG AssetLoader          - Loading from cache: /assets/textures/PC Computer - Chips Challenge 2 - Everything (1).png
03:17:47.594 [FXGL Background Thread 1 ] DEBUG AssetLoader          - Loading from cache: /assets/textures/PC Computer - Chips Challenge 2 - Everything (1).png
03:17:47.595 [FXGL Background Thread 1 ] DEBUG AssetLoader          - Loading from cache: /assets/textures/PC Computer - Chips Challenge 2 - Everything (1).png
03:17:47.595 [FXGL Background Thread 1 ] DEBUG AssetLoader          - Loading from cache: /assets/textures/PC Computer - Chips Challenge 2 - Everything (1).png
03:17:47.595 [FXGL Background Thread 1 ] DEBUG AssetLoader          - Loading from cache: /assets/textures/PC Computer - Chips Challenge 2 - Everything (1).png
03:17:47.595 [FXGL Background Thread 1 ] DEBUG AssetLoader          - Loading from cache: /assets/textures/PC Computer - Chips Challenge 2 - Everything (1).png
03:17:47.595 [FXGL Background Thread 1 ] DEBUG AssetLoader          - Loading from cache: /assets/textures/PC Computer - Chips Challenge 2 - Everything (1).png
03:17:47.595 [FXGL Background Thread 1 ] DEBUG AssetLoader          - Loading from cache: /assets/textures/PC Computer - Chips Challenge 2 - Everything (1).png
03:17:47.595 [FXGL Background Thread 1 ] DEBUG AssetLoader          - Loading from cache: /assets/textures/PC Computer - Chips Challenge 2 - Everything (1).png
03:17:47.596 [FXGL Background Thread 1 ] DEBUG AssetLoader          - Loading from cache: /assets/textures/PC Computer - Chips Challenge 2 - Everything (1).png
03:17:47.596 [FXGL Background Thread 1 ] DEBUG AssetLoader          - Loading from cache: /assets/textures/PC Computer - Chips Challenge 2 - Everything (1).png
03:17:47.596 [FXGL Background Thread 1 ] DEBUG AssetLoader          - Loading from cache: /assets/textures/PC Computer - Chips Challenge 2 - Everything (1).png
03:17:47.596 [FXGL Background Thread 1 ] DEBUG AssetLoader          - Loading from cache: /assets/textures/PC Computer - Chips Challenge 2 - Everything (1).png
03:17:47.596 [FXGL Background Thread 1 ] DEBUG AssetLoader          - Loading from cache: /assets/textures/PC Computer - Chips Challenge 2 - Everything (1).png
03:17:47.596 [FXGL Background Thread 1 ] DEBUG AssetLoader          - Loading from cache: /assets/textures/PC Computer - Chips Challenge 2 - Everything (1).png
03:17:47.596 [FXGL Background Thread 1 ] DEBUG AssetLoader          - Loading from cache: /assets/textures/PC Computer - Chips Challenge 2 - Everything (1).png
03:17:47.596 [FXGL Background Thread 1 ] DEBUG AssetLoader          - Loading from cache: /assets/textures/PC Computer - Chips Challenge 2 - Everything (1).png
03:17:47.596 [FXGL Background Thread 1 ] DEBUG AssetLoader          - Loading from cache: /assets/textures/PC Computer - Chips Challenge 2 - Everything (1).png
03:17:47.597 [FXGL Background Thread 1 ] DEBUG AssetLoader          - Loading from cache: /assets/textures/PC Computer - Chips Challenge 2 - Everything (1).png
03:17:47.597 [FXGL Background Thread 1 ] DEBUG AssetLoader          - Loading from cache: /assets/textures/PC Computer - Chips Challenge 2 - Everything (1).png
03:17:47.597 [FXGL Background Thread 1 ] DEBUG AssetLoader          - Loading from cache: /assets/textures/PC Computer - Chips Challenge 2 - Everything (1).png
03:17:47.597 [FXGL Background Thread 1 ] DEBUG AssetLoader          - Loading from cache: /assets/textures/PC Computer - Chips Challenge 2 - Everything (1).png
03:17:47.597 [FXGL Background Thread 1 ] DEBUG AssetLoader          - Loading from cache: /assets/textures/PC Computer - Chips Challenge 2 - Everything (1).png
03:17:47.597 [FXGL Background Thread 1 ] DEBUG AssetLoader          - Loading from cache: /assets/textures/PC Computer - Chips Challenge 2 - Everything (1).png
03:17:47.597 [FXGL Background Thread 1 ] DEBUG AssetLoader          - Loading from cache: /assets/textures/PC Computer - Chips Challenge 2 - Everything (1).png
03:17:47.597 [FXGL Background Thread 1 ] DEBUG AssetLoader          - Loading from cache: /assets/textures/PC Computer - Chips Challenge 2 - Everything (1).png
03:17:47.597 [FXGL Background Thread 1 ] DEBUG AssetLoader          - Loading from cache: /assets/textures/PC Computer - Chips Challenge 2 - Everything (1).png
03:17:47.598 [FXGL Background Thread 1 ] DEBUG AssetLoader          - Loading from cache: /assets/textures/PC Computer - Chips Challenge 2 - Everything (1).png
03:17:47.598 [FXGL Background Thread 1 ] DEBUG AssetLoader          - Loading from cache: /assets/textures/PC Computer - Chips Challenge 2 - Everything (1).png
03:17:47.598 [FXGL Background Thread 1 ] DEBUG AssetLoader          - Loading from cache: /assets/textures/PC Computer - Chips Challenge 2 - Everything (1).png
03:17:47.598 [FXGL Background Thread 1 ] DEBUG AssetLoader          - Loading from cache: /assets/textures/PC Computer - Chips Challenge 2 - Everything (1).png
03:17:47.598 [FXGL Background Thread 1 ] DEBUG AssetLoader          - Loading from cache: /assets/textures/PC Computer - Chips Challenge 2 - Everything (1).png
03:17:47.598 [FXGL Background Thread 1 ] DEBUG AssetLoader          - Loading from cache: /assets/textures/PC Computer - Chips Challenge 2 - Everything (1).png
03:17:47.600 [FXGL Background Thread 1 ] DEBUG GameScene            - Creating render group for layer: BACKGROUND(1000)
03:17:47.603 [JavaFX Application Thread] FATAL FXGL                 - Uncaught Exception:

Fatal exception occurred: java.lang.IllegalStateException : No EntityFactory was added! Call gameWorld.addEntityFactory()
E: com.almasb.fxgl.entity.GameWorld.create(GameWorld.kt:427)
E: com.almasb.fxgl.entity.GameWorld.spawn(GameWorld.kt:413)
E: com.almasb.fxgl.entity.GameWorld.setLevelFromMap(GameWorld.kt:283)
E: com.almasb.fxgl.entity.GameWorld.setLevelFromMap(GameWorld.kt:256)
E: sample.Main.initGame(Main.java:36)
E: com.almasb.fxgl.app.GameApplication.internalInitGame(GameApplication.java:238)
E: com.almasb.fxgl.app.LoadingState$InitAppTask.initGame(AppStates.kt:168)
E: com.almasb.fxgl.app.LoadingState$InitAppTask.call(AppStates.kt:138)
E: com.almasb.fxgl.app.LoadingState$InitAppTask.call(AppStates.kt:127)
E: javafx.graphics/javafx.concurrent.Task$TaskCallable.call(Task.java:1425)
E: java.base/java.util.concurrent.FutureTask.run(FutureTask.java:264)
E: java.base/java.util.concurrent.Executors$RunnableAdapter.call(Executors.java:514)
E: java.base/java.util.concurrent.FutureTask.run(FutureTask.java:264)
E: java.base/java.util.concurrent.ThreadPoolExecutor.runWorker(ThreadPoolExecutor.java:1135)
E: java.base/java.util.concurrent.ThreadPoolExecutor$Worker.run(ThreadPoolExecutor.java:635)
E: java.base/java.lang.Thread.run(Thread.java:844)

03:17:47.603 [JavaFX Application Thread] FATAL FXGL                 - Application will now exit
03:17:47.603 [JavaFX Application Thread] DEBUG LoopRunner           - Stopping loop
03:17:57.704 [JavaFX Application Thread] DEBUG FXGL                 - Exiting FXGL
03:17:57.704 [JavaFX Application Thread] DEBUG FXGL                 - Shutting down background threads
03:17:57.704 [JavaFX Application Thread] DEBUG FXGL                 - Saving FXGL system data
03:17:57.706 [JavaFX Application Thread] DEBUG DesktopFSService     - Writing to: system\fxgl.bundle
03:17:57.712 [JavaFX Application Thread] DEBUG FXGL                 - Closing logger and exiting JavaFX
