03:16:53.208 [JavaFX Application Thread] DEBUG GameApplication      - Logger initialized
03:16:53.224 [JavaFX Application Thread] DEBUG GameApplication      - Logging settings
Title: Chip's RPG
Version: 0.0
Width: 1280
Height: 720
Fullscreen: false
Intro: false
Menus: false
Profiling: false
Single step:false
App Mode: DEVELOPER
Menu Key: ESCAPE
Stage Style: DECORATED
Scene Factory: class com.almasb.fxgl.scene.SceneFactory
Dialog Factory: class com.almasb.fxgl.ui.FXGLDialogFactory
UI Factory: class com.almasb.fxgl.ui.FXGLUIFactory
Notification Service: class com.almasb.fxgl.gameplay.notification.XboxNotificationView
Exception Handler: class com.almasb.fxgl.app.FXGLExceptionHandler
03:16:53.224 [JavaFX Application Thread] DEBUG GameApplication      - Starting FXGL
03:16:53.243 [JavaFX Application Thread] INFO  FXGL                 - FXGL-0.5.4 on DESKTOP
03:16:53.243 [JavaFX Application Thread] INFO  FXGL                 - Source code and latest versions at: https://github.com/AlmasB/FXGL
03:16:53.243 [JavaFX Application Thread] INFO  FXGL                 -              Join the FXGL chat at: https://gitter.im/AlmasB/FXGL
03:16:53.244 [JavaFX Application Thread] DEBUG FXGL                 - FXGL started
03:16:53.244 [JavaFX Application Thread] DEBUG FXGL                 - Initializing FXGL
03:16:53.282 [JavaFX Application Thread] DEBUG AssetLoader          - Loading from disk: /assets/ui/cursors/fxgl_default.png
03:16:53.369 [JavaFX Application Thread] DEBUG AssetLoader          - Loading from disk: /assets/ui/fonts/VarelaRound-Regular.ttf
03:16:53.492 [JavaFX Application Thread] DEBUG MainWindow           - Creating a JavaFX scene
03:16:53.523 [JavaFX Application Thread] DEBUG MainWindow           - Target settings size: 1280.0 x 720.0
03:16:53.523 [JavaFX Application Thread] DEBUG MainWindow           - Scaled scene size:    1280.0 x 720.0
03:16:53.523 [JavaFX Application Thread] DEBUG MainWindow           - Scaled ratio: (1.0, 1.0)
03:16:53.525 [JavaFX Application Thread] DEBUG AssetLoader          - Loading from disk: /assets/ui/css/fxgl_dark.css
03:16:53.528 [JavaFX Application Thread] DEBUG AssetLoader          - Loading from disk: /assets/textures/fxgl_icon.png
03:16:53.546 [JavaFX Application Thread] DEBUG MainWindow           - Opening main window
03:16:53.666 [JavaFX Application Thread] DEBUG MainWindow           - Window border size: (16.0, 39.0)
03:16:53.666 [JavaFX Application Thread] DEBUG MainWindow           - Scaled size: 1280.0 x 720.0
03:16:53.666 [JavaFX Application Thread] DEBUG MainWindow           - Scaled ratio: (1.0, 1.0)
03:16:53.667 [JavaFX Application Thread] DEBUG MainWindow           - Scene size: 1280.0 x 720.0
03:16:53.668 [JavaFX Application Thread] DEBUG MainWindow           - Stage size: 1296.0 x 759.0
03:16:53.799 [ForkJoinPool.commonPool-worker-1] DEBUG FS                   - Loaded DesktopFSService
03:16:53.799 [ForkJoinPool.commonPool-worker-1] DEBUG FXGL                 - Loading FXGL system data
03:16:53.805 [ForkJoinPool.commonPool-worker-1] DEBUG DesktopFSService     - Reading from: system\fxgl.bundle
03:16:53.818 [ForkJoinPool.commonPool-worker-1] DEBUG Bundle               - Logging bundle: FXGL
03:16:53.819 [ForkJoinPool.commonPool-worker-1] DEBUG Bundle               - FXGL.offline.timer.version.check=2019-01-05T00:29:17.871459100
03:16:53.820 [ForkJoinPool.commonPool-worker-1] DEBUG FXGL                 - Initializing state machine and application states
03:16:53.822 [ForkJoinPool.commonPool-worker-1] DEBUG AssetLoader          - Loading from disk: /assets/ui/cursors/fxgl_default.png
03:16:53.855 [ForkJoinPool.commonPool-worker-1] DEBUG AssetLoader          - Loading from disk: /assets/ui/cursors/fxgl_default.png
03:16:53.861 [ForkJoinPool.commonPool-worker-1] DEBUG AssetLoader          - Loading from cache: /assets/ui/fonts/VarelaRound-Regular.ttf
03:16:53.864 [ForkJoinPool.commonPool-worker-1] DEBUG AssetLoader          - Loading from disk: /assets/ui/cursors/fxgl_default.png
03:16:53.875 [ForkJoinPool.commonPool-worker-1] DEBUG GameScene            - Game scene initialized: 1280x720
03:16:53.884 [ForkJoinPool.commonPool-worker-1] DEBUG GameWorld            - Game world initialized
03:16:53.943 [ForkJoinPool.commonPool-worker-1] DEBUG PhysicsWorld         - Physics world initialized: appHeight=720, physics.ppm=50,0
03:16:53.968 [ForkJoinPool.commonPool-worker-1] DEBUG Input                - Registered new binding: Pause - Esc
03:16:54.023 [JavaFX Application Thread] DEBUG FXGL                 - Running preInit()
03:16:54.025 [JavaFX Application Thread] DEBUG Input                - Registered new binding: Screenshot - P
03:16:54.025 [JavaFX Application Thread] DEBUG Input                - Registered new binding: Dev Options - CTRL+0
03:16:54.026 [JavaFX Application Thread] DEBUG Input                - Registered new binding: System info dump - CTRL+9
03:16:54.026 [JavaFX Application Thread] DEBUG Input                - Registered new binding: Restart - CTRL+R
03:16:54.027 [JavaFX Application Thread] INFO  FXGL                 - FXGL initialization took: 0,782 sec
03:16:54.027 [JavaFX Application Thread] DEBUG LoopRunner           - Starting loop
03:16:54.028 [JavaFX Application Thread] DEBUG StartupState         - STARTUP
03:16:54.028 [JavaFX Application Thread] DEBUG GameApplication      - Starting new game
03:16:54.028 [JavaFX Application Thread] DEBUG Input                - Clearing active input actions
03:16:54.029 [JavaFX Application Thread] DEBUG AssetLoader          - Loading from disk: /assets/ui/css/fxgl_dark.css
03:16:54.036 [JavaFX Application Thread] DEBUG AppStateMachine      - StartupState -> LoadingState
03:16:54.105 [FXGL Background Thread 1 ] DEBUG InitAppTask          - Clearing previous game
03:16:54.106 [FXGL Background Thread 1 ] DEBUG GameWorld            - Clearing game world
03:16:54.106 [FXGL Background Thread 1 ] DEBUG PhysicsWorld         - Clearing physics world
03:16:54.106 [FXGL Background Thread 1 ] DEBUG GameScene            - Clearing game scene
03:16:54.107 [FXGL Background Thread 1 ] DEBUG InitAppTask          - Initializing Game
03:16:54.128 [FXGL Background Thread 1 ] DEBUG AssetLoader          - Loading from disk: /assets/json/map_test.json
03:16:54.411 [FXGL Background Thread 1 ] DEBUG GameWorld            - Clearing removable entities
03:16:54.411 [FXGL Background Thread 1 ] DEBUG GameWorld            - Setting level from map
03:16:54.431 [FXGL Background Thread 1 ] DEBUG AssetLoader          - Loading from disk: /assets/textures/PC Computer - Chips Challenge 2 - Everything (1).png
03:16:54.446 [FXGL Background Thread 1 ] DEBUG AssetLoader          - Loading from cache: /assets/textures/PC Computer - Chips Challenge 2 - Everything (1).png
03:16:54.446 [FXGL Background Thread 1 ] DEBUG AssetLoader          - Loading from cache: /assets/textures/PC Computer - Chips Challenge 2 - Everything (1).png
03:16:54.446 [FXGL Background Thread 1 ] DEBUG AssetLoader          - Loading from cache: /assets/textures/PC Computer - Chips Challenge 2 - Everything (1).png
03:16:54.446 [FXGL Background Thread 1 ] DEBUG AssetLoader          - Loading from cache: /assets/textures/PC Computer - Chips Challenge 2 - Everything (1).png
03:16:54.446 [FXGL Background Thread 1 ] DEBUG AssetLoader          - Loading from cache: /assets/textures/PC Computer - Chips Challenge 2 - Everything (1).png
03:16:54.446 [FXGL Background Thread 1 ] DEBUG AssetLoader          - Loading from cache: /assets/textures/PC Computer - Chips Challenge 2 - Everything (1).png
03:16:54.446 [FXGL Background Thread 1 ] DEBUG AssetLoader          - Loading from cache: /assets/textures/PC Computer - Chips Challenge 2 - Everything (1).png
03:16:54.447 [FXGL Background Thread 1 ] DEBUG AssetLoader          - Loading from cache: /assets/textures/PC Computer - Chips Challenge 2 - Everything (1).png
03:16:54.447 [FXGL Background Thread 1 ] DEBUG AssetLoader          - Loading from cache: /assets/textures/PC Computer - Chips Challenge 2 - Everything (1).png
03:16:54.447 [FXGL Background Thread 1 ] DEBUG AssetLoader          - Loading from cache: /assets/textures/PC Computer - Chips Challenge 2 - Everything (1).png
03:16:54.447 [FXGL Background Thread 1 ] DEBUG AssetLoader          - Loading from cache: /assets/textures/PC Computer - Chips Challenge 2 - Everything (1).png
03:16:54.447 [FXGL Background Thread 1 ] DEBUG AssetLoader          - Loading from cache: /assets/textures/PC Computer - Chips Challenge 2 - Everything (1).png
03:16:54.447 [FXGL Background Thread 1 ] DEBUG AssetLoader          - Loading from cache: /assets/textures/PC Computer - Chips Challenge 2 - Everything (1).png
03:16:54.447 [FXGL Background Thread 1 ] DEBUG AssetLoader          - Loading from cache: /assets/textures/PC Computer - Chips Challenge 2 - Everything (1).png
03:16:54.447 [FXGL Background Thread 1 ] DEBUG AssetLoader          - Loading from cache: /assets/textures/PC Computer - Chips Challenge 2 - Everything (1).png
03:16:54.448 [FXGL Background Thread 1 ] DEBUG AssetLoader          - Loading from cache: /assets/textures/PC Computer - Chips Challenge 2 - Everything (1).png
03:16:54.448 [FXGL Background Thread 1 ] DEBUG AssetLoader          - Loading from cache: /assets/textures/PC Computer - Chips Challenge 2 - Everything (1).png
03:16:54.448 [FXGL Background Thread 1 ] DEBUG AssetLoader          - Loading from cache: /assets/textures/PC Computer - Chips Challenge 2 - Everything (1).png
03:16:54.448 [FXGL Background Thread 1 ] DEBUG AssetLoader          - Loading from cache: /assets/textures/PC Computer - Chips Challenge 2 - Everything (1).png
03:16:54.448 [FXGL Background Thread 1 ] DEBUG AssetLoader          - Loading from cache: /assets/textures/PC Computer - Chips Challenge 2 - Everything (1).png
03:16:54.448 [FXGL Background Thread 1 ] DEBUG AssetLoader          - Loading from cache: /assets/textures/PC Computer - Chips Challenge 2 - Everything (1).png
03:16:54.448 [FXGL Background Thread 1 ] DEBUG AssetLoader          - Loading from cache: /assets/textures/PC Computer - Chips Challenge 2 - Everything (1).png
03:16:54.448 [FXGL Background Thread 1 ] DEBUG AssetLoader          - Loading from cache: /assets/textures/PC Computer - Chips Challenge 2 - Everything (1).png
03:16:54.449 [FXGL Background Thread 1 ] DEBUG AssetLoader          - Loading from cache: /assets/textures/PC Computer - Chips Challenge 2 - Everything (1).png
03:16:54.449 [FXGL Background Thread 1 ] DEBUG AssetLoader          - Loading from cache: /assets/textures/PC Computer - Chips Challenge 2 - Everything (1).png
03:16:54.449 [FXGL Background Thread 1 ] DEBUG AssetLoader          - Loading from cache: /assets/textures/PC Computer - Chips Challenge 2 - Everything (1).png
03:16:54.449 [FXGL Background Thread 1 ] DEBUG AssetLoader          - Loading from cache: /assets/textures/PC Computer - Chips Challenge 2 - Everything (1).png
03:16:54.449 [FXGL Background Thread 1 ] DEBUG AssetLoader          - Loading from cache: /assets/textures/PC Computer - Chips Challenge 2 - Everything (1).png
03:16:54.449 [FXGL Background Thread 1 ] DEBUG AssetLoader          - Loading from cache: /assets/textures/PC Computer - Chips Challenge 2 - Everything (1).png
03:16:54.449 [FXGL Background Thread 1 ] DEBUG AssetLoader          - Loading from cache: /assets/textures/PC Computer - Chips Challenge 2 - Everything (1).png
03:16:54.449 [FXGL Background Thread 1 ] DEBUG AssetLoader          - Loading from cache: /assets/textures/PC Computer - Chips Challenge 2 - Everything (1).png
03:16:54.450 [FXGL Background Thread 1 ] DEBUG AssetLoader          - Loading from cache: /assets/textures/PC Computer - Chips Challenge 2 - Everything (1).png
03:16:54.450 [FXGL Background Thread 1 ] DEBUG AssetLoader          - Loading from cache: /assets/textures/PC Computer - Chips Challenge 2 - Everything (1).png
03:16:54.450 [FXGL Background Thread 1 ] DEBUG AssetLoader          - Loading from cache: /assets/textures/PC Computer - Chips Challenge 2 - Everything (1).png
03:16:54.450 [FXGL Background Thread 1 ] DEBUG AssetLoader          - Loading from cache: /assets/textures/PC Computer - Chips Challenge 2 - Everything (1).png
03:16:54.450 [FXGL Background Thread 1 ] DEBUG AssetLoader          - Loading from cache: /assets/textures/PC Computer - Chips Challenge 2 - Everything (1).png
03:16:54.450 [FXGL Background Thread 1 ] DEBUG AssetLoader          - Loading from cache: /assets/textures/PC Computer - Chips Challenge 2 - Everything (1).png
03:16:54.450 [FXGL Background Thread 1 ] DEBUG AssetLoader          - Loading from cache: /assets/textures/PC Computer - Chips Challenge 2 - Everything (1).png
03:16:54.450 [FXGL Background Thread 1 ] DEBUG AssetLoader          - Loading from cache: /assets/textures/PC Computer - Chips Challenge 2 - Everything (1).png
03:16:54.450 [FXGL Background Thread 1 ] DEBUG AssetLoader          - Loading from cache: /assets/textures/PC Computer - Chips Challenge 2 - Everything (1).png
03:16:54.451 [FXGL Background Thread 1 ] DEBUG AssetLoader          - Loading from cache: /assets/textures/PC Computer - Chips Challenge 2 - Everything (1).png
03:16:54.451 [FXGL Background Thread 1 ] DEBUG AssetLoader          - Loading from cache: /assets/textures/PC Computer - Chips Challenge 2 - Everything (1).png
03:16:54.451 [FXGL Background Thread 1 ] DEBUG AssetLoader          - Loading from cache: /assets/textures/PC Computer - Chips Challenge 2 - Everything (1).png
03:16:54.451 [FXGL Background Thread 1 ] DEBUG AssetLoader          - Loading from cache: /assets/textures/PC Computer - Chips Challenge 2 - Everything (1).png
03:16:54.451 [FXGL Background Thread 1 ] DEBUG AssetLoader          - Loading from cache: /assets/textures/PC Computer - Chips Challenge 2 - Everything (1).png
03:16:54.451 [FXGL Background Thread 1 ] DEBUG AssetLoader          - Loading from cache: /assets/textures/PC Computer - Chips Challenge 2 - Everything (1).png
03:16:54.451 [FXGL Background Thread 1 ] DEBUG AssetLoader          - Loading from cache: /assets/textures/PC Computer - Chips Challenge 2 - Everything (1).png
03:16:54.451 [FXGL Background Thread 1 ] DEBUG AssetLoader          - Loading from cache: /assets/textures/PC Computer - Chips Challenge 2 - Everything (1).png
03:16:54.452 [FXGL Background Thread 1 ] DEBUG AssetLoader          - Loading from cache: /assets/textures/PC Computer - Chips Challenge 2 - Everything (1).png
03:16:54.452 [FXGL Background Thread 1 ] DEBUG AssetLoader          - Loading from cache: /assets/textures/PC Computer - Chips Challenge 2 - Everything (1).png
03:16:54.452 [FXGL Background Thread 1 ] DEBUG AssetLoader          - Loading from cache: /assets/textures/PC Computer - Chips Challenge 2 - Everything (1).png
03:16:54.452 [FXGL Background Thread 1 ] DEBUG AssetLoader          - Loading from cache: /assets/textures/PC Computer - Chips Challenge 2 - Everything (1).png
03:16:54.452 [FXGL Background Thread 1 ] DEBUG AssetLoader          - Loading from cache: /assets/textures/PC Computer - Chips Challenge 2 - Everything (1).png
03:16:54.452 [FXGL Background Thread 1 ] DEBUG AssetLoader          - Loading from cache: /assets/textures/PC Computer - Chips Challenge 2 - Everything (1).png
03:16:54.454 [FXGL Background Thread 1 ] DEBUG GameScene            - Creating render group for layer: BACKGROUND(1000)
03:16:54.457 [JavaFX Application Thread] FATAL FXGL                 - Uncaught Exception:

Fatal exception occurred: java.lang.IllegalStateException : No EntityFactory was added! Call gameWorld.addEntityFactory()
E: com.almasb.fxgl.entity.GameWorld.create(GameWorld.kt:427)
E: com.almasb.fxgl.entity.GameWorld.spawn(GameWorld.kt:413)
E: com.almasb.fxgl.entity.GameWorld.setLevelFromMap(GameWorld.kt:283)
E: com.almasb.fxgl.entity.GameWorld.setLevelFromMap(GameWorld.kt:256)
E: sample.Main.initGame(Main.java:36)
E: com.almasb.fxgl.app.GameApplication.internalInitGame(GameApplication.java:238)
E: com.almasb.fxgl.app.LoadingState$InitAppTask.initGame(AppStates.kt:168)
E: com.almasb.fxgl.app.LoadingState$InitAppTask.call(AppStates.kt:138)
E: com.almasb.fxgl.app.LoadingState$InitAppTask.call(AppStates.kt:127)
E: javafx.graphics/javafx.concurrent.Task$TaskCallable.call(Task.java:1425)
E: java.base/java.util.concurrent.FutureTask.run(FutureTask.java:264)
E: java.base/java.util.concurrent.Executors$RunnableAdapter.call(Executors.java:514)
E: java.base/java.util.concurrent.FutureTask.run(FutureTask.java:264)
E: java.base/java.util.concurrent.ThreadPoolExecutor.runWorker(ThreadPoolExecutor.java:1135)
E: java.base/java.util.concurrent.ThreadPoolExecutor$Worker.run(ThreadPoolExecutor.java:635)
E: java.base/java.lang.Thread.run(Thread.java:844)

03:16:54.457 [JavaFX Application Thread] FATAL FXGL                 - Application will now exit
03:16:54.457 [JavaFX Application Thread] DEBUG LoopRunner           - Stopping loop
03:17:03.574 [JavaFX Application Thread] DEBUG FXGL                 - Exiting FXGL
03:17:03.574 [JavaFX Application Thread] DEBUG FXGL                 - Shutting down background threads
03:17:03.574 [JavaFX Application Thread] DEBUG FXGL                 - Saving FXGL system data
03:17:03.576 [JavaFX Application Thread] DEBUG DesktopFSService     - Writing to: system\fxgl.bundle
03:17:03.581 [JavaFX Application Thread] DEBUG FXGL                 - Closing logger and exiting JavaFX
